Build started 10/26/2015 3:29:11 PM.
     1>Project "\\samba1\mkoken\dcengr\My Documents\coen148\Lab6\Lab6\Lab6\Lab6.vcxproj" on node 2 (Build target(s)).
     1>ClCompile:
         C:\Program Files (x86)\Microsoft Visual Studio 14.0\VC\bin\CL.exe /c /ZI /nologo /W3 /WX- /sdl /Od /Oy- /D _MBCS /Gm /EHsc /RTC1 /MDd /GS /fp:precise /Zc:wchar_t /Zc:forScope /Zc:inline /Fo"Debug\\" /Fd"Debug\vc140.pdb" /Gd /TP /analyze- /errorReport:prompt IFS.cpp
         IFS.cpp
     1>\\samba1\mkoken\dcengr\my documents\coen148\lab6\lab6\lab6\ifs.cpp(43): warning C4244: '=': conversion from 'double' to 'GLfloat', possible loss of data
     1>\\samba1\mkoken\dcengr\my documents\coen148\lab6\lab6\lab6\ifs.cpp(44): warning C4244: '=': conversion from 'double' to 'GLfloat', possible loss of data
     1>\\samba1\mkoken\dcengr\my documents\coen148\lab6\lab6\lab6\ifs.cpp(45): warning C4244: '=': conversion from 'double' to 'GLfloat', possible loss of data
     1>\\samba1\mkoken\dcengr\my documents\coen148\lab6\lab6\lab6\ifs.cpp(46): warning C4244: '=': conversion from 'double' to 'GLfloat', possible loss of data
     1>\\samba1\mkoken\dcengr\my documents\coen148\lab6\lab6\lab6\ifs.cpp(47): warning C4244: '=': conversion from 'double' to 'GLfloat', possible loss of data
     1>\\samba1\mkoken\dcengr\my documents\coen148\lab6\lab6\lab6\ifs.cpp(48): warning C4244: '=': conversion from 'double' to 'GLfloat', possible loss of data
     1>\\samba1\mkoken\dcengr\my documents\coen148\lab6\lab6\lab6\ifs.cpp(49): warning C4244: '=': conversion from 'double' to 'GLfloat', possible loss of data
     1>\\samba1\mkoken\dcengr\my documents\coen148\lab6\lab6\lab6\ifs.cpp(50): warning C4244: '=': conversion from 'double' to 'GLfloat', possible loss of data
     1>\\samba1\mkoken\dcengr\my documents\coen148\lab6\lab6\lab6\ifs.cpp(86): warning C4244: 'argument': conversion from 'time_t' to 'unsigned int', possible loss of data
       Link:
         C:\Program Files (x86)\Microsoft Visual Studio 14.0\VC\bin\link.exe /ERRORREPORT:PROMPT /OUT:"\\samba1\mkoken\dcengr\My Documents\coen148\Lab6\Lab6\Debug\Lab6.exe" /INCREMENTAL /NOLOGO kernel32.lib user32.lib gdi32.lib winspool.lib comdlg32.lib advapi32.lib shell32.lib ole32.lib oleaut32.lib uuid.lib odbc32.lib odbccp32.lib /MANIFEST /MANIFESTUAC:"level='asInvoker' uiAccess='false'" /manifest:embed /Debug /PDB:"\\samba1\mkoken\dcengr\My Documents\coen148\Lab6\Lab6\Debug\Lab6.pdb" /TLBID:1 /DYNAMICBASE /NXCOMPAT /IMPLIB:"\\samba1\mkoken\dcengr\My Documents\coen148\Lab6\Lab6\Debug\Lab6.lib" /MACHINE:X86 Debug\IFS.obj
         Lab6.vcxproj -> \\samba1\mkoken\dcengr\My Documents\coen148\Lab6\Lab6\Debug\Lab6.exe
     1>Done Building Project "\\samba1\mkoken\dcengr\My Documents\coen148\Lab6\Lab6\Lab6\Lab6.vcxproj" (Build target(s)).

Build succeeded.

Time Elapsed 00:00:02.09
