Build started 11/24/2015 6:29:48 PM.
     1>Project "F:\Documents\Dropbox\Documents\COEN148\Assignments\hw3\hw3\hw3\hw3.vcxproj" on node 2 (Build target(s)).
     1>ClCompile:
         C:\Program Files (x86)\Microsoft Visual Studio 14.0\VC\bin\CL.exe /c /ZI /nologo /W3 /WX- /Od /Oy- /D WIN32 /D _DEBUG /D _CONSOLE /D _UNICODE /D UNICODE /Gm /EHsc /RTC1 /MDd /GS /fp:precise /Zc:wchar_t /Zc:forScope /Zc:inline /Fo"Debug\\" /Fd"Debug\vc140.pdb" /Gd /TP /analyze- /errorReport:prompt main.cpp
         main.cpp
     1>f:\documents\dropbox\documents\coen148\assignments\hw3\hw3\hw3\main.cpp(35): warning C4005: 'INFINITY': macro redefinition
         c:\program files (x86)\windows kits\10\include\10.0.10150.0\ucrt\math.h(78): note: see previous definition of 'INFINITY'
     1>f:\documents\dropbox\documents\coen148\assignments\hw3\hw3\hw3\main.cpp(159): warning C4305: 'initializing': truncation from 'double' to 'float'
     1>f:\documents\dropbox\documents\coen148\assignments\hw3\hw3\hw3\main.cpp(165): warning C4305: 'argument': truncation from 'double' to 'const float'
     1>f:\documents\dropbox\documents\coen148\assignments\hw3\hw3\hw3\main.cpp(174): warning C4305: 'initializing': truncation from 'double' to 'float'
     1>f:\documents\dropbox\documents\coen148\assignments\hw3\hw3\hw3\main.cpp(223): warning C4244: 'initializing': conversion from 'double' to 'float', possible loss of data
     1>f:\documents\dropbox\documents\coen148\assignments\hw3\hw3\hw3\main.cpp(227): warning C4244: 'initializing': conversion from 'double' to 'float', possible loss of data
     1>f:\documents\dropbox\documents\coen148\assignments\hw3\hw3\hw3\main.cpp(228): warning C4244: 'initializing': conversion from 'double' to 'float', possible loss of data
     1>f:\documents\dropbox\documents\coen148\assignments\hw3\hw3\hw3\main.cpp(256): warning C4305: 'argument': truncation from 'double' to 'float'
     1>f:\documents\dropbox\documents\coen148\assignments\hw3\hw3\hw3\main.cpp(257): warning C4305: 'argument': truncation from 'double' to 'float'
     1>f:\documents\dropbox\documents\coen148\assignments\hw3\hw3\hw3\main.cpp(258): warning C4305: 'argument': truncation from 'double' to 'float'
     1>f:\documents\dropbox\documents\coen148\assignments\hw3\hw3\hw3\main.cpp(259): warning C4305: 'argument': truncation from 'double' to 'float'
     1>f:\documents\dropbox\documents\coen148\assignments\hw3\hw3\hw3\main.cpp(260): warning C4305: 'argument': truncation from 'double' to 'float'
       Link:
         C:\Program Files (x86)\Microsoft Visual Studio 14.0\VC\bin\link.exe /ERRORREPORT:PROMPT /OUT:"F:\Documents\Dropbox\Documents\COEN148\Assignments\hw3\hw3\Debug\hw3.exe" /INCREMENTAL /NOLOGO kernel32.lib user32.lib gdi32.lib winspool.lib comdlg32.lib advapi32.lib shell32.lib ole32.lib oleaut32.lib uuid.lib odbc32.lib odbccp32.lib /MANIFEST /MANIFESTUAC:"level='asInvoker' uiAccess='false'" /manifest:embed /Debug /PDB:"F:\Documents\Dropbox\Documents\COEN148\Assignments\hw3\hw3\Debug\hw3.pdb" /SUBSYSTEM:CONSOLE /TLBID:1 /DYNAMICBASE /NXCOMPAT /IMPLIB:"F:\Documents\Dropbox\Documents\COEN148\Assignments\hw3\hw3\Debug\hw3.lib" /MACHINE:X86 Debug\main.obj
         Debug\Renderer.obj
         hw3.vcxproj -> F:\Documents\Dropbox\Documents\COEN148\Assignments\hw3\hw3\Debug\hw3.exe
     1>Done Building Project "F:\Documents\Dropbox\Documents\COEN148\Assignments\hw3\hw3\hw3\hw3.vcxproj" (Build target(s)).

Build succeeded.

Time Elapsed 00:00:00.73
