Build started 11/2/2015 3:28:08 PM.
     1>Project "\\samba1\mkoken\dcengr\My Documents\coen148\Lab7\Lab7\Lab7\Lab7.vcxproj" on node 2 (Build target(s)).
     1>ClCompile:
         C:\Program Files (x86)\Microsoft Visual Studio 14.0\VC\bin\CL.exe /c /ZI /nologo /W3 /WX- /sdl /Od /Oy- /D _MBCS /Gm /EHsc /RTC1 /MDd /GS /fp:precise /Zc:wchar_t /Zc:forScope /Zc:inline /Fo"Debug\\" /Fd"Debug\vc140.pdb" /Gd /TP /analyze- /errorReport:prompt main.cpp
         main.cpp
     1>\\samba1\mkoken\dcengr\my documents\coen148\lab7\lab7\lab7\main.cpp(29): warning C4838: conversion from 'double' to 'GLfloat' requires a narrowing conversion
     1>\\samba1\mkoken\dcengr\my documents\coen148\lab7\lab7\lab7\main.cpp(29): warning C4305: 'initializing': truncation from 'double' to 'GLfloat'
     1>\\samba1\mkoken\dcengr\my documents\coen148\lab7\lab7\lab7\main.cpp(30): warning C4838: conversion from 'double' to 'GLfloat' requires a narrowing conversion
     1>\\samba1\mkoken\dcengr\my documents\coen148\lab7\lab7\lab7\main.cpp(30): warning C4305: 'initializing': truncation from 'double' to 'GLfloat'
     1>\\samba1\mkoken\dcengr\my documents\coen148\lab7\lab7\lab7\main.cpp(31): warning C4838: conversion from 'double' to 'GLfloat' requires a narrowing conversion
     1>\\samba1\mkoken\dcengr\my documents\coen148\lab7\lab7\lab7\main.cpp(31): warning C4305: 'initializing': truncation from 'double' to 'GLfloat'
     1>\\samba1\mkoken\dcengr\my documents\coen148\lab7\lab7\lab7\main.cpp(32): warning C4838: conversion from 'double' to 'GLfloat' requires a narrowing conversion
     1>\\samba1\mkoken\dcengr\my documents\coen148\lab7\lab7\lab7\main.cpp(32): warning C4305: 'initializing': truncation from 'double' to 'GLfloat'
     1>\\samba1\mkoken\dcengr\my documents\coen148\lab7\lab7\lab7\main.cpp(36): warning C4838: conversion from 'double' to 'GLfloat' requires a narrowing conversion
     1>\\samba1\mkoken\dcengr\my documents\coen148\lab7\lab7\lab7\main.cpp(36): warning C4305: 'initializing': truncation from 'double' to 'GLfloat'
     1>\\samba1\mkoken\dcengr\my documents\coen148\lab7\lab7\lab7\main.cpp(106): warning C4838: conversion from 'double' to 'GLfloat' requires a narrowing conversion
     1>\\samba1\mkoken\dcengr\my documents\coen148\lab7\lab7\lab7\main.cpp(106): warning C4305: 'initializing': truncation from 'double' to 'GLfloat'
       Link:
         C:\Program Files (x86)\Microsoft Visual Studio 14.0\VC\bin\link.exe /ERRORREPORT:PROMPT /OUT:"\\samba1\mkoken\dcengr\My Documents\coen148\Lab7\Lab7\Debug\Lab7.exe" /INCREMENTAL /NOLOGO kernel32.lib user32.lib gdi32.lib winspool.lib comdlg32.lib advapi32.lib shell32.lib ole32.lib oleaut32.lib uuid.lib odbc32.lib odbccp32.lib /MANIFEST /MANIFESTUAC:"level='asInvoker' uiAccess='false'" /manifest:embed /Debug /PDB:"\\samba1\mkoken\dcengr\My Documents\coen148\Lab7\Lab7\Debug\Lab7.pdb" /TLBID:1 /DYNAMICBASE /NXCOMPAT /IMPLIB:"\\samba1\mkoken\dcengr\My Documents\coen148\Lab7\Lab7\Debug\Lab7.lib" /MACHINE:X86 Debug\main.obj
         Lab7.vcxproj -> \\samba1\mkoken\dcengr\My Documents\coen148\Lab7\Lab7\Debug\Lab7.exe
     1>Done Building Project "\\samba1\mkoken\dcengr\My Documents\coen148\Lab7\Lab7\Lab7\Lab7.vcxproj" (Build target(s)).

Build succeeded.

Time Elapsed 00:00:02.48
